INFO:werkzeug: * Restarting with watchdog (windowsapi)
WARNING:werkzeug: * Debugger is active!
INFO:werkzeug: * Debugger PIN: 119-236-323
WARNING:werkzeug: * Running on all addresses.
   WARNING: This is a development server. Do not use it in a production deployment.
INFO:werkzeug: * Running on http://192.168.29.201:5000/ (Press CTRL+C to quit)
INFO:view:Pymongo Function Start
INFO:view:Exception occurred : some-mongo:27017: [Errno 11001] getaddrinfo failed, Timeout: 30s, Topology Description: <TopologyDescription id: 63c4168d1d425c61fcd05c2b, topology_type: Unknown, servers: [<ServerDescription ('some-mongo', 27017) server_type: Unknown, rtt: None, error=AutoReconnect('some-mongo:27017: [Errno 11001] getaddrinfo failed')>]>
INFO:werkzeug:127.0.0.1 - - [15/Jan/2023 20:37:23] "POST /home HTTP/1.1" 200 -
INFO:werkzeug: * Detected change in 'd:\\Harsh\\Flask\\flask_docker\\view.py', reloading
INFO:werkzeug: * Detected change in 'd:\\Harsh\\Flask\\flask_docker\\view.py', reloading
INFO:werkzeug: * Detected change in 'd:\\Harsh\\Flask\\flask_docker\\view.py', reloading
INFO:werkzeug: * Restarting with watchdog (windowsapi)
WARNING:werkzeug: * Debugger is active!
INFO:werkzeug: * Debugger PIN: 119-236-323
WARNING:werkzeug: * Running on all addresses.
   WARNING: This is a development server. Do not use it in a production deployment.
INFO:werkzeug: * Running on http://192.168.29.201:5000/ (Press CTRL+C to quit)
INFO:werkzeug: * Detected change in 'd:\\Harsh\\Flask\\flask_docker\\view.py', reloading
INFO:werkzeug: * Detected change in 'd:\\Harsh\\Flask\\flask_docker\\view.py', reloading
INFO:werkzeug: * Detected change in 'd:\\Harsh\\Flask\\flask_docker\\view.py', reloading
INFO:werkzeug: * Restarting with watchdog (windowsapi)
WARNING:werkzeug: * Debugger is active!
INFO:werkzeug: * Debugger PIN: 119-236-323
WARNING:werkzeug: * Running on all addresses.
   WARNING: This is a development server. Do not use it in a production deployment.
INFO:werkzeug: * Running on http://192.168.29.201:5000/ (Press CTRL+C to quit)
INFO:werkzeug: * Detected change in 'd:\\Harsh\\Flask\\flask_docker\\view.py', reloading
INFO:werkzeug: * Detected change in 'd:\\Harsh\\Flask\\flask_docker\\view.py', reloading
INFO:werkzeug: * Detected change in 'd:\\Harsh\\Flask\\flask_docker\\view.py', reloading
INFO:werkzeug: * Restarting with watchdog (windowsapi)
WARNING:werkzeug: * Debugger is active!
INFO:werkzeug: * Debugger PIN: 119-236-323
WARNING:werkzeug: * Running on all addresses.
   WARNING: This is a development server. Do not use it in a production deployment.
INFO:werkzeug: * Running on http://192.168.29.201:5000/ (Press CTRL+C to quit)
INFO:werkzeug: * Detected change in 'C:\\ProgramData\\Anaconda3\\Lib\\site-packages\\flask\\_compat.py', reloading
INFO:werkzeug:127.0.0.1 - - [15/Jan/2023 20:40:11] "[35m[1mPOST /home HTTP/1.1[0m" 500 -
INFO:werkzeug: * Restarting with watchdog (windowsapi)
WARNING:werkzeug: * Debugger is active!
INFO:werkzeug: * Debugger PIN: 119-236-323
WARNING:werkzeug: * Running on all addresses.
   WARNING: This is a development server. Do not use it in a production deployment.
INFO:werkzeug: * Running on http://192.168.29.201:5000/ (Press CTRL+C to quit)
INFO:werkzeug: * Detected change in 'd:\\Harsh\\Flask\\flask_docker\\view.py', reloading
INFO:werkzeug: * Detected change in 'd:\\Harsh\\Flask\\flask_docker\\view.py', reloading
INFO:werkzeug: * Detected change in 'd:\\Harsh\\Flask\\flask_docker\\view.py', reloading
INFO:werkzeug: * Restarting with watchdog (windowsapi)
WARNING:werkzeug: * Debugger is active!
INFO:werkzeug: * Debugger PIN: 119-236-323
WARNING:werkzeug: * Running on all addresses.
   WARNING: This is a development server. Do not use it in a production deployment.
INFO:werkzeug: * Running on http://192.168.29.201:5000/ (Press CTRL+C to quit)
INFO:view:Pymongo Function Start
INFO:view:Exception occurred : Invalid URI scheme: URI must begin with 'mongodb://' or 'mongodb+srv://'
INFO:werkzeug:127.0.0.1 - - [15/Jan/2023 20:40:32] "POST /home HTTP/1.1" 200 -
INFO:werkzeug: * Detected change in 'd:\\Harsh\\Flask\\flask_docker\\view.py', reloading
INFO:werkzeug: * Detected change in 'd:\\Harsh\\Flask\\flask_docker\\view.py', reloading
INFO:werkzeug: * Restarting with watchdog (windowsapi)
WARNING:werkzeug: * Debugger is active!
INFO:werkzeug: * Debugger PIN: 119-236-323
WARNING:werkzeug: * Running on all addresses.
   WARNING: This is a development server. Do not use it in a production deployment.
INFO:werkzeug: * Running on http://192.168.29.201:5000/ (Press CTRL+C to quit)
INFO:view:Pymongo Function Start
INFO:view:Pymongo Function Stops
INFO:werkzeug:127.0.0.1 - - [15/Jan/2023 20:40:51] "POST /home HTTP/1.1" 200 -
INFO:view:Pymongo Function Start
INFO:view:Pymongo Function Stops
INFO:werkzeug:127.0.0.1 - - [15/Jan/2023 20:41:23] "POST /home HTTP/1.1" 200 -
INFO:werkzeug: * Detected change in 'd:\\Harsh\\Flask\\flask_docker\\view.py', reloading
INFO:werkzeug: * Detected change in 'd:\\Harsh\\Flask\\flask_docker\\view.py', reloading
INFO:werkzeug: * Detected change in 'd:\\Harsh\\Flask\\flask_docker\\view.py', reloading
INFO:werkzeug: * Restarting with watchdog (windowsapi)
INFO:werkzeug: * Restarting with watchdog (windowsapi)
WARNING:werkzeug: * Debugger is active!
INFO:werkzeug: * Debugger PIN: 119-236-323
WARNING:werkzeug: * Running on all addresses.
   WARNING: This is a development server. Do not use it in a production deployment.
INFO:werkzeug: * Running on http://192.168.29.201:5000/ (Press CTRL+C to quit)
INFO:view:Pymongo Function Start
INFO:werkzeug: * Detected change in 'C:\\ProgramData\\Anaconda3\\Lib\\site-packages\\pymongo\\settings.py', reloading
INFO:werkzeug: * Detected change in 'C:\\ProgramData\\Anaconda3\\Lib\\site-packages\\pymongo\\mongo_client.py', reloading
INFO:werkzeug: * Detected change in 'C:\\ProgramData\\Anaconda3\\Lib\\site-packages\\flask\\app.py', reloading
INFO:werkzeug: * Detected change in 'C:\\ProgramData\\Anaconda3\\Lib\\site-packages\\werkzeug\\debug\\__init__.py', reloading
INFO:werkzeug: * Detected change in 'C:\\ProgramData\\Anaconda3\\Lib\\site-packages\\werkzeug\\serving.py', reloading
INFO:werkzeug: * Detected change in 'C:\\ProgramData\\Anaconda3\\Lib\\http\\server.py', reloading
INFO:werkzeug: * Detected change in 'C:\\ProgramData\\Anaconda3\\Lib\\socketserver.py', reloading
INFO:werkzeug: * Detected change in 'C:\\ProgramData\\Anaconda3\\Lib\\threading.py', reloading
INFO:werkzeug: * Restarting with watchdog (windowsapi)
WARNING:werkzeug: * Debugger is active!
INFO:werkzeug: * Debugger PIN: 119-236-323
WARNING:werkzeug: * Running on all addresses.
   WARNING: This is a development server. Do not use it in a production deployment.
INFO:werkzeug: * Running on http://192.168.29.201:5000/ (Press CTRL+C to quit)
WARNING:werkzeug: * Running on all addresses.
   WARNING: This is a development server. Do not use it in a production deployment.
INFO:werkzeug: * Running on http://172.19.0.2:5000/ (Press CTRL+C to quit)
INFO:werkzeug: * Restarting with stat
WARNING:werkzeug: * Debugger is active!
INFO:werkzeug: * Debugger PIN: 508-624-126
WARNING:werkzeug: * Running on all addresses.
   WARNING: This is a development server. Do not use it in a production deployment.
INFO:werkzeug: * Running on http://172.19.0.2:5000/ (Press CTRL+C to quit)
INFO:werkzeug: * Restarting with stat
WARNING:werkzeug: * Debugger is active!
INFO:werkzeug: * Debugger PIN: 508-624-126
WARNING:werkzeug: * Running on all addresses.
   WARNING: This is a development server. Do not use it in a production deployment.
INFO:werkzeug: * Running on http://172.19.0.2:5000/ (Press CTRL+C to quit)
INFO:werkzeug: * Restarting with stat
WARNING:werkzeug: * Debugger is active!
INFO:werkzeug: * Debugger PIN: 239-278-440
INFO:view:Pymongo Function Start
INFO:view:Exception occurred : host.docker.intenal:27017: [Errno -2] Name does not resolve, Timeout: 30s, Topology Description: <TopologyDescription id: 63cb638022ceb51e23a51cca, topology_type: Unknown, servers: [<ServerDescription ('host.docker.intenal', 27017) server_type: Unknown, rtt: None, error=AutoReconnect('host.docker.intenal:27017: [Errno -2] Name does not resolve')>]>
INFO:werkzeug:172.19.0.1 - - [21/Jan/2023 04:01:34] "POST /home HTTP/1.1" 200 -
WARNING:werkzeug: * Running on all addresses.
   WARNING: This is a development server. Do not use it in a production deployment.
INFO:werkzeug: * Running on http://172.19.0.2:5000/ (Press CTRL+C to quit)
INFO:werkzeug: * Restarting with stat
WARNING:werkzeug: * Debugger is active!
INFO:werkzeug: * Debugger PIN: 239-278-440
INFO:view:Pymongo Function Start
INFO:view:Exception occurred : host.docker.intenal:27017: [Errno -2] Name does not resolve, Timeout: 30s, Topology Description: <TopologyDescription id: 63cb65090e2711964be0b173, topology_type: Unknown, servers: [<ServerDescription ('host.docker.intenal', 27017) server_type: Unknown, rtt: None, error=AutoReconnect('host.docker.intenal:27017: [Errno -2] Name does not resolve')>]>
INFO:werkzeug:172.19.0.1 - - [21/Jan/2023 04:08:08] "POST /home HTTP/1.1" 200 -
WARNING:werkzeug: * Running on all addresses.
   WARNING: This is a development server. Do not use it in a production deployment.
INFO:werkzeug: * Running on http://172.19.0.2:5000/ (Press CTRL+C to quit)
INFO:werkzeug: * Restarting with stat
WARNING:werkzeug: * Debugger is active!
INFO:werkzeug: * Debugger PIN: 118-332-122
WARNING:werkzeug: * Running on all addresses.
   WARNING: This is a development server. Do not use it in a production deployment.
INFO:werkzeug: * Running on http://172.19.0.2:5000/ (Press CTRL+C to quit)
INFO:werkzeug: * Restarting with stat
WARNING:werkzeug: * Debugger is active!
INFO:werkzeug: * Debugger PIN: 118-332-122
INFO:view:Pymongo Function Start
INFO:view:Exception occurred : host.docker.intenal:27017: [Errno -2] Name does not resolve, Timeout: 30s, Topology Description: <TopologyDescription id: 63dbd2eb8dc9bd62e2fad7c4, topology_type: Unknown, servers: [<ServerDescription ('host.docker.intenal', 27017) server_type: Unknown, rtt: None, error=AutoReconnect('host.docker.intenal:27017: [Errno -2] Name does not resolve')>]>
INFO:werkzeug:172.19.0.1 - - [02/Feb/2023 15:13:13] "POST /home HTTP/1.1" 200 -
INFO:view:Pymongo Function Start
INFO:view:Exception occurred : host.docker.intenal:27017: [Errno -2] Name does not resolve, Timeout: 30s, Topology Description: <TopologyDescription id: 63dbd32b8dc9bd62e2fad7c6, topology_type: Unknown, servers: [<ServerDescription ('host.docker.intenal', 27017) server_type: Unknown, rtt: None, error=AutoReconnect('host.docker.intenal:27017: [Errno -2] Name does not resolve')>]>
INFO:werkzeug:172.19.0.1 - - [02/Feb/2023 15:14:17] "POST /home HTTP/1.1" 200 -
